Running: D:\PAIN\14.7\ISE_DS\ISE\bin\nt64\unwrapped\fuse.exe -intstyle ise -incremental -o D:/uni/cad/project3/CAD_final_project/ALU_tb_isim_beh.exe -prj D:/uni/cad/project3/CAD_final_project/ALU_tb_beh.prj work.ALU_tb 
ISim P.20131013 (signature 0x7708f090)
Number of CPUs detected in this system: 8
Turning on mult-threading, number of parallel sub-compilation jobs: 16 
Determining compilation order of HDL files
Parsing VHDL file "D:/uni/cad/project3/CAD_final_project/ALU_utility_functions.vhd" into library work
Parsing VHDL file "D:/uni/cad/project3/CAD_final_project/ALU_Procedure.vhd" into library work
Parsing VHDL file "D:/uni/cad/project3/CAD_final_project/ALU.vhd" into library work
Parsing VHDL file "D:/uni/cad/project3/CAD_final_project/ALU_tb.vhd" into library work
Starting static elaboration
Completed static elaboration
Compiling package standard
Compiling package std_logic_1164
Compiling package numeric_std
Compiling package std_logic_arith
Compiling package std_logic_signed
Compiling package alu_utility_functions
Compiling package alu_procedure
Compiling architecture behavioral of entity SUPER_ALU [super_alu_default]
Compiling architecture behavior of entity alu_tb
Time Resolution for simulation is 1ps.
WARNING:Simulator - Unable to copy libPortabilityNOSH.dll to the simulation executable directory: boost::filesystem::copy_file: The system cannot find the path specified, "isim\ALU_tb_isim_beh.exe.sim\libPortability.dll".
Compiled 10 VHDL Units
Built simulation executable D:/uni/cad/project3/CAD_final_project/ALU_tb_isim_beh.exe
Fuse Memory Usage: 37764 KB
Fuse CPU Usage: 609 ms
