Running: D:\PAIN\14.7\ISE_DS\ISE\bin\nt64\unwrapped\fuse.exe -intstyle ise -incremental -o D:/uni/cad/CAD_final_project/ALU_Test_isim_beh.exe -prj D:/uni/cad/CAD_final_project/ALU_Test_beh.prj work.ALU_Test 
ISim P.20131013 (signature 0x7708f090)
Number of CPUs detected in this system: 8
Turning on mult-threading, number of parallel sub-compilation jobs: 16 
Determining compilation order of HDL files
Parsing VHDL file "D:/uni/cad/CAD_final_project/ALU_utility_functions.vhd" into library work
Parsing VHDL file "D:/uni/cad/CAD_final_project/ALU_Procedure.vhd" into library work
Parsing VHDL file "D:/uni/cad/CAD_final_project/ALU.vhd" into library work
Parsing VHDL file "D:/uni/cad/CAD_final_project/ALU_Test.vhd" into library work
Starting static elaboration
Completed static elaboration
Compiling package standard
Compiling package std_logic_1164
Compiling package std_logic_arith
Compiling package std_logic_signed
Compiling package numeric_std
Compiling package alu_utility_functions
Compiling package alu_procedure
Compiling package std_logic_unsigned
Compiling architecture behavioral of entity SUPER_ALU [super_alu_default]
Compiling architecture behavior of entity alu_test
Time Resolution for simulation is 1ps.
Waiting for 1 sub-compilation(s) to finish...
WARNING:Simulator - Unable to copy libPortabilityNOSH.dll to the simulation executable directory: boost::filesystem::copy_file: The system cannot find the path specified, "isim\ALU_Test_isim_beh.exe.sim\libPortability.dll".
Compiled 11 VHDL Units
Built simulation executable D:/uni/cad/CAD_final_project/ALU_Test_isim_beh.exe
Fuse Memory Usage: 38008 KB
Fuse CPU Usage: 1093 ms
